====START OF HERA REGRESSION TESTING LOG====

UFSWM hash used in testing:
3bdfba62255473ce8cbbbbf6e99e67657ffe9a9a

Submodule hashes used in testing:
 37cbb7d6840ae7515a9a8f0dfd4d89461b3396d1 AQM (v0.2.0-37-g37cbb7d)
 1f9eaaa142c8b07ed6b788c9f44ea02cc86d0bae CDEPS-interface/CDEPS (cdeps0.4.17-42-g1f9eaaa)
 5e57a89cf533fe98352bcfd1a464b1d50713274d CICE-interface/CICE (CICE6.0.0-378-g5e57a89)
 dc977bcadd1ade1a528dee75f1ad45e8bd80ca0a CMEPS-interface/CMEPS (cmeps_v0.4.1-2310-gdc977bc)
 cabd7753ae17f7bfcc6dad56daf10868aa51c3f4 CMakeModules (v1.0.0-28-gcabd775)
 b71196b0faf74f0fe59558796285424c915b6eaa FV3 (remotes/origin/rrfsv1-to-ufs/dev1)
 041422934cae1570f2f0e67239d5d89f11c6e1b7 GOCART (sdr_v2.1.2.6-119-g0414229)
 bcf7777bb037ae2feb2a8a8ac51aacb3511b52d9 HYCOM-interface/HYCOM (2.3.00-122-gbcf7777)
 5e0c21f64fa5b20efc8f29f8709766e1e6793a79 MOM6-interface/MOM6 (dev/master/repository_split_2014.10.10-10230-g5e0c21f64)
 3ac32f0db7a2a97d930f44fa5f060c983ff31ee8 NOAHMP-interface/noahmp (v3.7.1-436-g3ac32f0)
 c7004b658b9dae9fc473d4e6511dfc1cf8e6a7bd WW3 (6.07.1-347-gc7004b65)
 05cad173feeb598431e3ef5f17c2df6562c8d101 fire_behavior (v0.2.0-1-g05cad17)
 fad2fe9f42f6b7f744b128b4a2a9433f91e4296f stochastic_physics (ufs-v2.0.0-219-gfad2fe9)


NOTES:
[Times](Memory) are at the end of each compile/test in format [MM:SS](Size).
The first time is for the full script (prep+run+finalize).
The second time is specifically for the run phase.
Times/Memory will be empty for failed tests.

BASELINE DIRECTORY: /scratch2/NAGAPE/epic/UFS-WM_RT/NEMSfv3gfs/develop-20240909
COMPARISON DIRECTORY: /scratch1/BMC/gmtb/Grant.Firl/stmp2/Grant.Firl/FV3_RT/rt_2891998

RT.SH OPTIONS USED:
* (-a) - HPC PROJECT ACCOUNT: gmtb
* (-l) - USE CONFIG FILE: rt.conf
* (-k) - KEEP RUN DIRECTORY
* (-e) - USE ECFLOW

PASS -- COMPILE 's2swa_32bit_intel' [50:50, 12:11] ( 1 warnings 8 remarks )
PASS -- TEST 'cpld_control_p8_mixedmode_intel' [59:49, 06:12](3320 MB)

PASS -- COMPILE 's2swa_32bit_pdlib_intel' [55:46, 16:05] ( 1 warnings 8 remarks )
PASS -- TEST 'cpld_control_gfsv17_intel' [32:15, 16:39](1983 MB)
PASS -- TEST 'cpld_control_gfsv17_iau_intel' [18:01, 17:26](2107 MB)
PASS -- TEST 'cpld_restart_gfsv17_intel' [08:02, 08:03](1271 MB)
PASS -- TEST 'cpld_mpi_gfsv17_intel' [33:08, 18:45](1868 MB)

PASS -- COMPILE 's2swa_32bit_pdlib_sfs_intel' [54:46, 15:56] ( 1 warnings 8 remarks )
PASS -- TEST 'cpld_control_sfs_intel' [31:58, 16:21](1955 MB)

PASS -- COMPILE 's2swa_32bit_pdlib_debug_intel' [44:45, 05:56] ( 1523 warnings 1998 remarks )
PASS -- TEST 'cpld_debug_gfsv17_intel' [20:42, 23:31](1882 MB)

PASS -- COMPILE 's2swa_intel' [51:50, 12:16] ( 1 warnings 8 remarks )
PASS -- TEST 'cpld_control_p8_intel' [02:57, 07:24](3336 MB)
PASS -- TEST 'cpld_control_p8.v2.sfc_intel' [26:44, 07:26](3347 MB)
PASS -- TEST 'cpld_restart_p8_intel' [24:47, 04:24](3250 MB)
PASS -- TEST 'cpld_control_qr_p8_intel' [26:44, 07:36](3360 MB)
PASS -- TEST 'cpld_restart_qr_p8_intel' [14:24, 04:28](3270 MB)
PASS -- TEST 'cpld_2threads_p8_intel' [59:49, 07:05](3639 MB)
PASS -- TEST 'cpld_decomp_p8_intel' [00:53, 07:34](3330 MB)
PASS -- TEST 'cpld_mpi_p8_intel' [58:57, 06:10](3218 MB)
PASS -- TEST 'cpld_control_ciceC_p8_intel' [01:00, 07:27](3354 MB)
PASS -- TEST 'cpld_control_c192_p8_intel' [06:40, 09:36](3518 MB)
PASS -- TEST 'cpld_restart_c192_p8_intel' [24:15, 06:15](3619 MB)
PASS -- TEST 'cpld_bmark_p8_intel' [03:46, 08:37](4338 MB)
PASS -- TEST 'cpld_restart_bmark_p8_intel' [30:34, 05:51](4385 MB)
PASS -- TEST 'cpld_s2sa_p8_intel' [01:53, 05:22](3321 MB)

PASS -- COMPILE 's2sw_intel' [11:04, 11:58] ( 1 warnings 8 remarks )
PASS -- TEST 'cpld_control_noaero_p8_intel' [32:31, 05:40](1955 MB)
PASS -- TEST 'cpld_control_nowave_noaero_p8_intel' [33:32, 07:18](2034 MB)

PASS -- COMPILE 's2swa_debug_intel' [44:55, 05:56] ( 1413 warnings 1228 remarks )
PASS -- TEST 'cpld_debug_p8_intel' [10:50, 12:43](3424 MB)

PASS -- COMPILE 's2sw_debug_intel' [44:44, 05:35] ( 1413 warnings 1228 remarks )
PASS -- TEST 'cpld_debug_noaero_p8_intel' [06:40, 08:43](2019 MB)

PASS -- COMPILE 's2s_aoflux_intel' [49:48, 10:59] ( 1 remarks )
PASS -- TEST 'cpld_control_noaero_p8_agrid_intel' [57:48, 04:20](2041 MB)

PASS -- COMPILE 's2s_intel' [49:50, 10:57] ( 1 warnings 1 remarks )
PASS -- TEST 'cpld_control_c48_intel' [01:30, 07:44](3042 MB)
PASS -- TEST 'cpld_warmstart_c48_intel' [56:31, 02:38](3037 MB)
PASS -- TEST 'cpld_restart_c48_intel' [29:15, 01:32](2468 MB)

PASS -- COMPILE 's2swa_faster_intel' [42:29, 16:37] ( 1 warnings 8 remarks )
PASS -- TEST 'cpld_control_p8_faster_intel' [28:11, 07:16](3331 MB)

PASS -- COMPILE 's2sw_pdlib_intel' [12:51, 14:28] ( 1 warnings 8 remarks )
PASS -- TEST 'cpld_control_pdlib_p8_intel' [26:28, 17:00](2029 MB)
PASS -- TEST 'cpld_restart_pdlib_p8_intel' [04:57, 08:03](1268 MB)
PASS -- TEST 'cpld_mpi_pdlib_p8_intel' [06:47, 19:27](1944 MB)

PASS -- COMPILE 's2sw_pdlib_debug_intel' [03:51, 05:54] ( 1523 warnings 1998 remarks )
PASS -- TEST 'cpld_debug_pdlib_p8_intel' [52:26, 25:41](1970 MB)

PASS -- COMPILE 'atm_dyn32_intel' [07:48, 09:58] ( 1 warnings 1 remarks )
PASS -- TEST 'control_flake_intel' [25:51, 03:19](702 MB)
PASS -- TEST 'control_CubedSphereGrid_intel' [25:05, 03:11](1586 MB)
PASS -- TEST 'control_CubedSphereGrid_parallel_intel' [25:11, 03:16](1593 MB)
PASS -- TEST 'control_latlon_intel' [22:57, 03:09](1585 MB)
PASS -- TEST 'control_wrtGauss_netcdf_parallel_intel' [05:41, 03:15](1575 MB)
PASS -- TEST 'control_c48_intel' [07:31, 11:24](1722 MB)
PASS -- TEST 'control_c48.v2.sfc_intel' [03:10, 06:21](855 MB)
PASS -- TEST 'control_c192_intel' [08:47, 11:48](1758 MB)
PASS -- TEST 'control_c384_intel' [11:45, 13:31](1982 MB)
PASS -- TEST 'control_c384gdas_intel' [19:03, 07:59](1380 MB)
PASS -- TEST 'control_stochy_intel' [58:08, 01:41](655 MB)
PASS -- TEST 'control_stochy_restart_intel' [13:32, 01:02](504 MB)
PASS -- TEST 'control_lndp_intel' [10:10, 01:34](655 MB)
PASS -- TEST 'control_iovr4_intel' [11:14, 02:29](653 MB)
PASS -- TEST 'control_iovr5_intel' [59:17, 02:28](651 MB)
PASS -- TEST 'control_p8_intel' [12:34, 03:40](1874 MB)
PASS -- TEST 'control_p8.v2.sfc_intel' [11:38, 03:05](1884 MB)
PASS -- TEST 'control_p8_ugwpv1_intel' [10:42, 03:36](1881 MB)
PASS -- TEST 'control_restart_p8_intel' [10:55, 02:10](1137 MB)
PASS -- TEST 'control_noqr_p8_intel' [10:32, 03:40](1873 MB)
PASS -- TEST 'control_restart_noqr_p8_intel' [11:04, 02:08](1154 MB)
PASS -- TEST 'control_decomp_p8_intel' [10:39, 03:43](1858 MB)
PASS -- TEST 'control_2threads_p8_intel' [09:40, 03:30](1957 MB)
PASS -- TEST 'control_p8_lndp_intel' [13:32, 06:33](1868 MB)
PASS -- TEST 'control_p8_rrtmgp_intel' [10:46, 04:00](1956 MB)
FAILED: UNABLE TO COMPLETE COMPARISON -- TEST 'control_p8_mynn_intel' [, ]( MB)
PASS -- TEST 'merra2_thompson_intel' [09:44, 03:25](1900 MB)
FAILED: UNABLE TO COMPLETE COMPARISON -- TEST 'regional_control_intel' [, ]( MB)
FAILED: UNABLE TO START TEST -- TEST 'regional_restart_intel' [, ]( MB)
FAILED: UNABLE TO COMPLETE COMPARISON -- TEST 'regional_decomp_intel' [, ]( MB)
FAILED: UNABLE TO COMPLETE COMPARISON -- TEST 'regional_2threads_intel' [, ]( MB)
FAILED: UNABLE TO COMPLETE COMPARISON -- TEST 'regional_noquilt_intel' [, ]( MB)
FAILED: UNABLE TO COMPLETE COMPARISON -- TEST 'regional_netcdf_parallel_intel' [, ]( MB)
FAILED: UNABLE TO COMPLETE COMPARISON -- TEST 'regional_2dwrtdecomp_intel' [, ]( MB)
FAILED: UNABLE TO COMPLETE COMPARISON -- TEST 'regional_wofs_intel' [, ]( MB)

PASS -- COMPILE 'rrfs_intel' [02:52, 09:37] ( 3 warnings 9 remarks )
FAILED: UNABLE TO COMPLETE COMPARISON -- TEST 'rap_control_intel' [, ]( MB)
FAILED: UNABLE TO COMPLETE COMPARISON -- TEST 'regional_spp_sppt_shum_skeb_intel' [, ]( MB)
FAILED: UNABLE TO COMPLETE COMPARISON -- TEST 'rap_decomp_intel' [, ]( MB)
FAILED: UNABLE TO COMPLETE COMPARISON -- TEST 'rap_2threads_intel' [, ]( MB)
FAILED: UNABLE TO START TEST -- TEST 'rap_restart_intel' [, ]( MB)
FAILED: UNABLE TO COMPLETE COMPARISON -- TEST 'rap_sfcdiff_intel' [, ]( MB)
FAILED: UNABLE TO COMPLETE COMPARISON -- TEST 'rap_sfcdiff_decomp_intel' [, ]( MB)
FAILED: UNABLE TO START TEST -- TEST 'rap_sfcdiff_restart_intel' [, ]( MB)
FAILED: UNABLE TO COMPLETE COMPARISON -- TEST 'hrrr_control_intel' [, ]( MB)
FAILED: UNABLE TO COMPLETE COMPARISON -- TEST 'hrrr_control_decomp_intel' [, ]( MB)
FAILED: UNABLE TO COMPLETE COMPARISON -- TEST 'hrrr_control_2threads_intel' [, ]( MB)
FAILED: UNABLE TO START TEST -- TEST 'hrrr_control_restart_intel' [, ]( MB)
FAILED: UNABLE TO COMPLETE COMPARISON -- TEST 'rrfs_v1beta_intel' [, ]( MB)
FAILED: UNABLE TO COMPLETE COMPARISON -- TEST 'rrfs_v1nssl_intel' [, ]( MB)
FAILED: UNABLE TO COMPLETE COMPARISON -- TEST 'rrfs_v1nssl_nohailnoccn_intel' [, ]( MB)

PASS -- COMPILE 'csawmg_intel' [02:50, 09:24]
PASS -- TEST 'control_csawmg_intel' [28:05, 06:06](1016 MB)
PASS -- TEST 'control_ras_intel' [24:53, 03:17](750 MB)

PASS -- COMPILE 'csawmg_gnu' [56:48, 04:20]
PASS -- TEST 'control_csawmg_gnu' [34:59, 08:32](732 MB)

PASS -- COMPILE 'wam_intel' [01:49, 09:18] ( 1 remarks )
PASS -- TEST 'control_wam_intel' [21:59, 11:13](1654 MB)

PASS -- COMPILE 'atm_faster_dyn32_intel' [25:10, 09:42] ( 1 remarks )
PASS -- TEST 'control_p8_faster_intel' [17:22, 02:45](1889 MB)
FAILED: UNABLE TO COMPLETE COMPARISON -- TEST 'regional_control_faster_intel' [, ]( MB)

PASS -- COMPILE 'atm_debug_dyn32_intel' [22:10, 07:55] ( 882 warnings 9 remarks )
PASS -- TEST 'control_CubedSphereGrid_debug_intel' [13:19, 02:09](1617 MB)
PASS -- TEST 'control_wrtGauss_netcdf_parallel_debug_intel' [13:11, 02:08](1607 MB)
PASS -- TEST 'control_stochy_debug_intel' [14:48, 02:58](832 MB)
PASS -- TEST 'control_lndp_debug_intel' [31:46, 02:41](825 MB)
PASS -- TEST 'control_csawmg_debug_intel' [33:02, 04:15](1140 MB)
PASS -- TEST 'control_ras_debug_intel' [30:54, 02:42](837 MB)
PASS -- TEST 'control_diag_debug_intel' [30:14, 02:46](1692 MB)
PASS -- TEST 'control_debug_p8_intel' [31:26, 02:36](1906 MB)
FAILED: UNABLE TO COMPLETE COMPARISON -- TEST 'regional_debug_intel' [, ]( MB)
FAILED: UNABLE TO COMPLETE COMPARISON -- TEST 'rap_control_debug_intel' [, ]( MB)
FAILED: UNABLE TO COMPLETE COMPARISON -- TEST 'hrrr_control_debug_intel' [, ]( MB)
FAILED: UNABLE TO COMPLETE COMPARISON -- TEST 'hrrr_gf_debug_intel' [, ]( MB)
FAILED: UNABLE TO COMPLETE COMPARISON -- TEST 'hrrr_c3_debug_intel' [, ]( MB)
FAILED: UNABLE TO COMPLETE COMPARISON -- TEST 'rap_unified_drag_suite_debug_intel' [, ]( MB)
FAILED: UNABLE TO COMPLETE COMPARISON -- TEST 'rap_diag_debug_intel' [, ]( MB)
FAILED: UNABLE TO COMPLETE COMPARISON -- TEST 'rap_cires_ugwp_debug_intel' [, ]( MB)
FAILED: UNABLE TO COMPLETE COMPARISON -- TEST 'rap_unified_ugwp_debug_intel' [, ]( MB)
FAILED: UNABLE TO COMPLETE COMPARISON -- TEST 'rap_lndp_debug_intel' [, ]( MB)
FAILED: UNABLE TO COMPLETE COMPARISON -- TEST 'rap_progcld_thompson_debug_intel' [, ]( MB)
FAILED: UNABLE TO COMPLETE COMPARISON -- TEST 'rap_noah_debug_intel' [, ]( MB)
FAILED: UNABLE TO COMPLETE COMPARISON -- TEST 'rap_sfcdiff_debug_intel' [, ]( MB)
FAILED: UNABLE TO COMPLETE COMPARISON -- TEST 'rap_noah_sfcdiff_cires_ugwp_debug_intel' [, ]( MB)
FAILED: UNABLE TO COMPLETE COMPARISON -- TEST 'rrfs_v1beta_debug_intel' [, ]( MB)
FAILED: UNABLE TO COMPLETE COMPARISON -- TEST 'rap_clm_lake_debug_intel' [, ]( MB)
FAILED: UNABLE TO COMPLETE COMPARISON -- TEST 'rap_flake_debug_intel' [, ]( MB)
FAILED: UNABLE TO COMPLETE COMPARISON -- TEST 'gnv1_c96_no_nest_debug_intel' [, ]( MB)

PASS -- COMPILE 'atm_debug_dyn32_gnu' [24:47, 04:16]
PASS -- TEST 'control_csawmg_debug_gnu' [12:43, 02:13](717 MB)

PASS -- COMPILE 'wam_debug_intel' [31:37, 04:48] ( 837 warnings 1 remarks )
PASS -- TEST 'control_wam_debug_intel' [53:51, 13:04](1643 MB)

PASS -- COMPILE 'rrfs_dyn32_phy32_intel' [35:41, 09:09] ( 3 warnings 8 remarks )
FAILED: UNABLE TO COMPLETE COMPARISON -- TEST 'regional_spp_sppt_shum_skeb_dyn32_phy32_intel' [, ]( MB)
FAILED: UNABLE TO COMPLETE COMPARISON -- TEST 'rap_control_dyn32_phy32_intel' [, ]( MB)
FAILED: UNABLE TO COMPLETE COMPARISON -- TEST 'hrrr_control_dyn32_phy32_intel' [, ]( MB)
FAILED: UNABLE TO COMPLETE COMPARISON -- TEST 'rap_2threads_dyn32_phy32_intel' [, ]( MB)
FAILED: UNABLE TO COMPLETE COMPARISON -- TEST 'hrrr_control_2threads_dyn32_phy32_intel' [, ]( MB)
FAILED: UNABLE TO COMPLETE COMPARISON -- TEST 'hrrr_control_decomp_dyn32_phy32_intel' [, ]( MB)
FAILED: UNABLE TO START TEST -- TEST 'rap_restart_dyn32_phy32_intel' [, ]( MB)
FAILED: UNABLE TO START TEST -- TEST 'hrrr_control_restart_dyn32_phy32_intel' [, ]( MB)

PASS -- COMPILE 'rrfs_dyn32_phy32_faster_intel' [31:36, 09:19] ( 3 warnings 8 remarks )
FAILED: UNABLE TO COMPLETE COMPARISON -- TEST 'conus13km_control_intel' [, ]( MB)
FAILED: UNABLE TO START TEST -- TEST 'conus13km_2threads_intel' [, ]( MB)
FAILED: UNABLE TO START TEST -- TEST 'conus13km_restart_mismatch_intel' [, ]( MB)

PASS -- COMPILE 'rrfs_dyn64_phy32_intel' [31:33, 09:20] ( 3 warnings 8 remarks )
FAILED: UNABLE TO COMPLETE COMPARISON -- TEST 'rap_control_dyn64_phy32_intel' [, ]( MB)

PASS -- COMPILE 'rrfs_dyn32_phy32_debug_intel' [26:34, 04:37] ( 785 warnings 8 remarks )
FAILED: UNABLE TO COMPLETE COMPARISON -- TEST 'rap_control_debug_dyn32_phy32_intel' [, ]( MB)
FAILED: UNABLE TO COMPLETE COMPARISON -- TEST 'hrrr_control_debug_dyn32_phy32_intel' [, ]( MB)
FAILED: UNABLE TO COMPLETE COMPARISON -- TEST 'conus13km_debug_intel' [, ]( MB)
FAILED: UNABLE TO COMPLETE COMPARISON -- TEST 'conus13km_debug_qr_intel' [, ]( MB)
FAILED: UNABLE TO COMPLETE COMPARISON -- TEST 'conus13km_debug_2threads_intel' [, ]( MB)
FAILED: UNABLE TO COMPLETE COMPARISON -- TEST 'conus13km_radar_tten_debug_intel' [, ]( MB)

PASS -- COMPILE 'rrfs_dyn64_phy32_debug_intel' [25:36, 04:26] ( 785 warnings 8 remarks )
FAILED: UNABLE TO COMPLETE COMPARISON -- TEST 'rap_control_dyn64_phy32_debug_intel' [, ]( MB)

PASS -- COMPILE 'hafsw_intel' [28:34, 10:56] ( 1 warnings 8 remarks )
PASS -- TEST 'hafs_regional_atm_intel' [44:39, 04:41](725 MB)
PASS -- TEST 'hafs_regional_atm_thompson_gfdlsf_intel' [44:52, 05:52](1097 MB)
PASS -- TEST 'hafs_regional_atm_ocn_intel' [47:47, 06:59](818 MB)
PASS -- TEST 'hafs_regional_atm_wav_intel' [53:39, 13:19](844 MB)
PASS -- TEST 'hafs_regional_atm_ocn_wav_intel' [54:57, 15:01](869 MB)
PASS -- TEST 'hafs_regional_1nest_atm_intel' [45:37, 05:29](492 MB)
PASS -- TEST 'hafs_regional_telescopic_2nests_atm_intel' [46:48, 06:38](504 MB)
PASS -- TEST 'hafs_global_1nest_atm_intel' [42:04, 02:54](370 MB)
PASS -- TEST 'hafs_global_multiple_4nests_atm_intel' [48:03, 07:10](466 MB)
PASS -- TEST 'hafs_regional_specified_moving_1nest_atm_intel' [43:13, 03:43](521 MB)
PASS -- TEST 'hafs_regional_storm_following_1nest_atm_intel' [43:20, 03:34](522 MB)
PASS -- TEST 'hafs_regional_storm_following_1nest_atm_ocn_intel' [43:10, 04:23](569 MB)
PASS -- TEST 'hafs_global_storm_following_1nest_atm_intel' [40:42, 01:22](401 MB)
FAILED: UNABLE TO COMPLETE COMPARISON -- TEST 'gnv1_nested_intel' [, ]( MB)

PASS -- COMPILE 'hafsw_debug_intel' [00:51, 05:17] ( 1465 warnings 1501 remarks )
PASS -- TEST 'hafs_regional_storm_following_1nest_atm_ocn_debug_intel' [51:04, 12:24](579 MB)

PASS -- COMPILE 'hafsw_faster_intel' [06:54, 10:49] ( 7 remarks )
PASS -- TEST 'hafs_regional_storm_following_1nest_atm_ocn_wav_intel' [47:11, 08:42](645 MB)
PASS -- TEST 'hafs_regional_storm_following_1nest_atm_ocn_wav_inline_intel' [46:17, 08:52](700 MB)

PASS -- COMPILE 'hafs_mom6w_intel' [19:02, 10:49] ( 7 remarks )
PASS -- TEST 'hafs_regional_storm_following_1nest_atm_ocn_wav_mom6_intel' [44:43, 06:31](721 MB)

PASS -- COMPILE 'hafs_all_intel' [19:00, 10:15] ( 7 remarks )
PASS -- TEST 'hafs_regional_docn_intel' [43:28, 06:35](809 MB)
PASS -- TEST 'hafs_regional_docn_oisst_intel' [42:27, 06:36](796 MB)
PASS -- TEST 'hafs_regional_datm_cdeps_intel' [47:10, 16:23](1222 MB)

PASS -- COMPILE 'datm_cdeps_intel' [14:59, 06:33]
PASS -- TEST 'datm_cdeps_control_cfsr_intel' [04:18, 02:45](1160 MB)
PASS -- TEST 'datm_cdeps_restart_cfsr_intel' [03:21, 01:39](1108 MB)
PASS -- TEST 'datm_cdeps_control_gefs_intel' [04:19, 02:39](1022 MB)
PASS -- TEST 'datm_cdeps_iau_gefs_intel' [04:19, 02:41](1033 MB)
PASS -- TEST 'datm_cdeps_stochy_gefs_intel' [04:21, 02:42](1034 MB)
PASS -- TEST 'datm_cdeps_ciceC_cfsr_intel' [04:21, 02:43](1162 MB)
PASS -- TEST 'datm_cdeps_bulk_cfsr_intel' [04:19, 02:45](1152 MB)
PASS -- TEST 'datm_cdeps_bulk_gefs_intel' [04:20, 02:39](1033 MB)
PASS -- TEST 'datm_cdeps_mx025_cfsr_intel' [09:27, 06:19](1067 MB)
PASS -- TEST 'datm_cdeps_mx025_gefs_intel' [09:22, 06:20](1050 MB)
PASS -- TEST 'datm_cdeps_multiple_files_cfsr_intel' [13:17, 02:50](1158 MB)
PASS -- TEST 'datm_cdeps_3072x1536_cfsr_intel' [13:22, 04:05](2517 MB)
PASS -- TEST 'datm_cdeps_gfs_intel' [14:23, 03:58](2463 MB)

PASS -- COMPILE 'datm_cdeps_debug_intel' [11:47, 03:11] ( 2 warnings )
PASS -- TEST 'datm_cdeps_debug_cfsr_intel' [17:21, 06:22](1082 MB)

PASS -- COMPILE 'datm_cdeps_faster_intel' [11:55, 06:32]
PASS -- TEST 'datm_cdeps_control_cfsr_faster_intel' [13:20, 02:45](1154 MB)

PASS -- COMPILE 'datm_cdeps_land_intel' [06:00, 01:12] ( 1 remarks )
PASS -- TEST 'datm_cdeps_lnd_gswp3_intel' [10:33, 00:47](263 MB)
PASS -- TEST 'datm_cdeps_lnd_era5_intel' [11:26, 00:55](332 MB)
PASS -- TEST 'datm_cdeps_lnd_era5_rst_intel' [20:24, 00:32](325 MB)

PASS -- COMPILE 'atm_ds2s_docn_pcice_intel' [15:00, 10:04] ( 1 remarks )
PASS -- TEST 'atm_ds2s_docn_pcice_intel' [14:09, 03:51](1979 MB)

PASS -- COMPILE 'atm_ds2s_docn_dice_intel' [12:53, 09:44] ( 1 remarks )
PASS -- TEST 'atm_ds2s_docn_dice_intel' [13:59, 03:42](1967 MB)

PASS -- COMPILE 'atml_intel' [20:12, 10:11] ( 8 warnings 2 remarks )
PASS -- TEST 'control_p8_atmlnd_sbs_intel' [14:09, 04:26](1875 MB)
PASS -- TEST 'control_p8_atmlnd_intel' [14:06, 04:22](1834 MB)
PASS -- TEST 'control_restart_p8_atmlnd_intel' [18:58, 02:20](1083 MB)

PASS -- COMPILE 'atml_debug_intel' [09:11, 05:22] ( 880 warnings 2 remarks )
PASS -- TEST 'control_p8_atmlnd_debug_intel' [15:00, 05:38](1891 MB)

PASS -- COMPILE 'atmw_intel' [11:12, 09:58] ( 8 remarks )
PASS -- TEST 'atmwav_control_noaero_p8_intel' [10:51, 01:57](1892 MB)

PASS -- COMPILE 'atmaero_intel' [11:11, 09:53] ( 1 remarks )
PASS -- TEST 'atmaero_control_p8_intel' [14:00, 04:09](3191 MB)
PASS -- TEST 'atmaero_control_p8_rad_intel' [14:56, 04:54](3089 MB)
PASS -- TEST 'atmaero_control_p8_rad_micro_intel' [14:48, 05:03](3106 MB)

PASS -- COMPILE 'atmaq_debug_intel' [44:29, 04:58] ( 882 warnings 6 remarks )

PASS -- COMPILE 'atm_gnu' [45:26, 04:36]
PASS -- TEST 'control_c48_gnu' [19:41, 09:24](1504 MB)
PASS -- TEST 'control_stochy_gnu' [12:27, 03:28](488 MB)
PASS -- TEST 'control_ras_gnu' [12:28, 04:56](493 MB)
PASS -- TEST 'control_p8_gnu' [11:55, 05:11](1442 MB)
PASS -- TEST 'control_p8_ugwpv1_gnu' [11:01, 05:11](1430 MB)
PASS -- TEST 'control_flake_gnu' [33:10, 10:34](534 MB)

PASS -- COMPILE 'rrfs_gnu' [43:27, 04:30]
FAILED: UNABLE TO COMPLETE COMPARISON -- TEST 'rap_control_gnu' [, ]( MB)
FAILED: UNABLE TO COMPLETE COMPARISON -- TEST 'rap_decomp_gnu' [, ]( MB)
FAILED: UNABLE TO COMPLETE COMPARISON -- TEST 'rap_2threads_gnu' [, ]( MB)
FAILED: UNABLE TO START TEST -- TEST 'rap_restart_gnu' [, ]( MB)
FAILED: UNABLE TO COMPLETE COMPARISON -- TEST 'rap_sfcdiff_gnu' [, ]( MB)
FAILED: UNABLE TO COMPLETE COMPARISON -- TEST 'rap_sfcdiff_decomp_gnu' [, ]( MB)
FAILED: UNABLE TO START TEST -- TEST 'rap_sfcdiff_restart_gnu' [, ]( MB)
FAILED: UNABLE TO COMPLETE COMPARISON -- TEST 'hrrr_control_gnu' [, ]( MB)
FAILED: UNABLE TO COMPLETE COMPARISON -- TEST 'hrrr_control_noqr_gnu' [, ]( MB)
FAILED: UNABLE TO COMPLETE COMPARISON -- TEST 'hrrr_control_2threads_gnu' [, ]( MB)
FAILED: UNABLE TO COMPLETE COMPARISON -- TEST 'hrrr_control_decomp_gnu' [, ]( MB)
FAILED: UNABLE TO START TEST -- TEST 'hrrr_control_restart_gnu' [, ]( MB)
FAILED: UNABLE TO START TEST -- TEST 'hrrr_control_restart_noqr_gnu' [, ]( MB)
FAILED: UNABLE TO COMPLETE COMPARISON -- TEST 'rrfs_v1beta_gnu' [, ]( MB)

PASS -- COMPILE 'atm_dyn32_debug_gnu' [46:31, 06:38]
PASS -- TEST 'control_diag_debug_gnu' [18:40, 02:06](1260 MB)
FAILED: UNABLE TO COMPLETE COMPARISON -- TEST 'regional_debug_gnu' [, ]( MB)
FAILED: UNABLE TO COMPLETE COMPARISON -- TEST 'rap_control_debug_gnu' [, ]( MB)
FAILED: UNABLE TO COMPLETE COMPARISON -- TEST 'hrrr_control_debug_gnu' [, ]( MB)
FAILED: UNABLE TO COMPLETE COMPARISON -- TEST 'hrrr_gf_debug_gnu' [, ]( MB)
FAILED: UNABLE TO COMPLETE COMPARISON -- TEST 'hrrr_c3_debug_gnu' [, ]( MB)
FAILED: UNABLE TO COMPLETE COMPARISON -- TEST 'rap_diag_debug_gnu' [, ]( MB)
FAILED: UNABLE TO COMPLETE COMPARISON -- TEST 'rap_noah_sfcdiff_cires_ugwp_debug_gnu' [, ]( MB)
FAILED: UNABLE TO COMPLETE COMPARISON -- TEST 'rap_progcld_thompson_debug_gnu' [, ]( MB)
FAILED: UNABLE TO COMPLETE COMPARISON -- TEST 'rrfs_v1beta_debug_gnu' [, ]( MB)
PASS -- TEST 'control_ras_debug_gnu' [11:09, 01:27](452 MB)
PASS -- TEST 'control_stochy_debug_gnu' [10:07, 01:38](446 MB)
PASS -- TEST 'control_debug_p8_gnu' [09:24, 01:29](1437 MB)
FAILED: UNABLE TO COMPLETE COMPARISON -- TEST 'rap_flake_debug_gnu' [, ]( MB)
FAILED: UNABLE TO COMPLETE COMPARISON -- TEST 'rap_clm_lake_debug_gnu' [, ]( MB)
FAILED: UNABLE TO COMPLETE COMPARISON -- TEST 'gnv1_c96_no_nest_debug_gnu' [, ]( MB)

PASS -- COMPILE 'wam_debug_gnu' [44:31, 02:34]

PASS -- COMPILE 'rrfs_dyn32_phy32_gnu' [45:28, 04:15]
FAILED: UNABLE TO COMPLETE COMPARISON -- TEST 'rap_control_dyn32_phy32_gnu' [, ]( MB)
FAILED: UNABLE TO COMPLETE COMPARISON -- TEST 'hrrr_control_dyn32_phy32_gnu' [, ]( MB)
FAILED: UNABLE TO COMPLETE COMPARISON -- TEST 'rap_2threads_dyn32_phy32_gnu' [, ]( MB)
FAILED: UNABLE TO COMPLETE COMPARISON -- TEST 'hrrr_control_2threads_dyn32_phy32_gnu' [, ]( MB)
FAILED: UNABLE TO COMPLETE COMPARISON -- TEST 'hrrr_control_decomp_dyn32_phy32_gnu' [, ]( MB)
FAILED: UNABLE TO START TEST -- TEST 'rap_restart_dyn32_phy32_gnu' [, ]( MB)
FAILED: UNABLE TO START TEST -- TEST 'hrrr_control_restart_dyn32_phy32_gnu' [, ]( MB)
FAILED: UNABLE TO COMPLETE COMPARISON -- TEST 'conus13km_control_gnu' [, ]( MB)
FAILED: UNABLE TO START TEST -- TEST 'conus13km_2threads_gnu' [, ]( MB)
FAILED: UNABLE TO START TEST -- TEST 'conus13km_restart_mismatch_gnu' [, ]( MB)

PASS -- COMPILE 'atm_dyn64_phy32_gnu' [20:29, 09:39]
FAILED: UNABLE TO COMPLETE COMPARISON -- TEST 'rap_control_dyn64_phy32_gnu' [, ]( MB)

PASS -- COMPILE 'atm_dyn32_phy32_debug_gnu' [17:36, 06:36]
FAILED: UNABLE TO COMPLETE COMPARISON -- TEST 'rap_control_debug_dyn32_phy32_gnu' [, ]( MB)
FAILED: UNABLE TO COMPLETE COMPARISON -- TEST 'hrrr_control_debug_dyn32_phy32_gnu' [, ]( MB)
FAILED: UNABLE TO COMPLETE COMPARISON -- TEST 'conus13km_debug_gnu' [, ]( MB)
FAILED: UNABLE TO COMPLETE COMPARISON -- TEST 'conus13km_debug_qr_gnu' [, ]( MB)
FAILED: UNABLE TO COMPLETE COMPARISON -- TEST 'conus13km_debug_2threads_gnu' [, ]( MB)
FAILED: UNABLE TO COMPLETE COMPARISON -- TEST 'conus13km_radar_tten_debug_gnu' [, ]( MB)

PASS -- COMPILE 'atm_dyn64_phy32_debug_gnu' [23:41, 06:44]
FAILED: UNABLE TO COMPLETE COMPARISON -- TEST 'rap_control_dyn64_phy32_debug_gnu' [, ]( MB)

PASS -- COMPILE 's2swa_gnu' [38:34, 16:24]

PASS -- COMPILE 's2s_gnu' [27:20, 15:31]
PASS -- TEST 'cpld_control_nowave_noaero_p8_gnu' [27:09, 12:40](1488 MB)

PASS -- COMPILE 's2swa_debug_gnu' [14:19, 03:22]

PASS -- COMPILE 's2sw_pdlib_gnu' [26:20, 16:01]
PASS -- TEST 'cpld_control_pdlib_p8_gnu' [24:19, 22:02](1450 MB)

PASS -- COMPILE 's2sw_pdlib_debug_gnu' [12:18, 02:52]

PASS -- COMPILE 'datm_cdeps_gnu' [23:20, 14:57]
PASS -- TEST 'datm_cdeps_control_cfsr_gnu' [05:21, 03:12](691 MB)

PASS -- COMPILE 'atm_fbh_intel' [17:18, 09:11] ( 3 warnings 8 remarks )
FAILED: UNABLE TO COMPLETE COMPARISON -- TEST 'cpld_regional_atm_fbh_intel' [, ]( MB)

SYNOPSIS:
Starting Date/Time: 20241004 14:45:54
Ending Date/Time: 20241005 23:36:17
Total Time: 08h:50m:41s
Compiles Completed: 58/58
Tests Completed: 136/244
Failed Tests:
* TEST control_p8_mynn_intel: FAILED: UNABLE TO COMPLETE COMPARISON
-- LOG: /scratch1/BMC/gmtb/Grant.Firl/ufs-weather-model-grantfirl/tests/logs/log_hera/run_control_p8_mynn_intel.log
* TEST regional_control_intel: FAILED: UNABLE TO COMPLETE COMPARISON
-- LOG: /scratch1/BMC/gmtb/Grant.Firl/ufs-weather-model-grantfirl/tests/logs/log_hera/run_regional_control_intel.log
* TEST regional_restart_intel: FAILED: UNABLE TO START TEST
-- LOG: N/A
* TEST regional_decomp_intel: FAILED: UNABLE TO COMPLETE COMPARISON
-- LOG: /scratch1/BMC/gmtb/Grant.Firl/ufs-weather-model-grantfirl/tests/logs/log_hera/run_regional_decomp_intel.log
* TEST regional_2threads_intel: FAILED: UNABLE TO COMPLETE COMPARISON
-- LOG: /scratch1/BMC/gmtb/Grant.Firl/ufs-weather-model-grantfirl/tests/logs/log_hera/run_regional_2threads_intel.log
* TEST regional_noquilt_intel: FAILED: UNABLE TO COMPLETE COMPARISON
-- LOG: /scratch1/BMC/gmtb/Grant.Firl/ufs-weather-model-grantfirl/tests/logs/log_hera/run_regional_noquilt_intel.log
* TEST regional_netcdf_parallel_intel: FAILED: UNABLE TO COMPLETE COMPARISON
-- LOG: /scratch1/BMC/gmtb/Grant.Firl/ufs-weather-model-grantfirl/tests/logs/log_hera/run_regional_netcdf_parallel_intel.log
* TEST regional_2dwrtdecomp_intel: FAILED: UNABLE TO COMPLETE COMPARISON
-- LOG: /scratch1/BMC/gmtb/Grant.Firl/ufs-weather-model-grantfirl/tests/logs/log_hera/run_regional_2dwrtdecomp_intel.log
* TEST regional_wofs_intel: FAILED: UNABLE TO COMPLETE COMPARISON
-- LOG: /scratch1/BMC/gmtb/Grant.Firl/ufs-weather-model-grantfirl/tests/logs/log_hera/run_regional_wofs_intel.log
* TEST rap_control_intel: FAILED: UNABLE TO COMPLETE COMPARISON
-- LOG: /scratch1/BMC/gmtb/Grant.Firl/ufs-weather-model-grantfirl/tests/logs/log_hera/run_rap_control_intel.log
* TEST regional_spp_sppt_shum_skeb_intel: FAILED: UNABLE TO COMPLETE COMPARISON
-- LOG: /scratch1/BMC/gmtb/Grant.Firl/ufs-weather-model-grantfirl/tests/logs/log_hera/run_regional_spp_sppt_shum_skeb_intel.log
* TEST rap_decomp_intel: FAILED: UNABLE TO COMPLETE COMPARISON
-- LOG: /scratch1/BMC/gmtb/Grant.Firl/ufs-weather-model-grantfirl/tests/logs/log_hera/run_rap_decomp_intel.log
* TEST rap_2threads_intel: FAILED: UNABLE TO COMPLETE COMPARISON
-- LOG: /scratch1/BMC/gmtb/Grant.Firl/ufs-weather-model-grantfirl/tests/logs/log_hera/run_rap_2threads_intel.log
* TEST rap_restart_intel: FAILED: UNABLE TO START TEST
-- LOG: N/A
* TEST rap_sfcdiff_intel: FAILED: UNABLE TO COMPLETE COMPARISON
-- LOG: /scratch1/BMC/gmtb/Grant.Firl/ufs-weather-model-grantfirl/tests/logs/log_hera/run_rap_sfcdiff_intel.log
* TEST rap_sfcdiff_decomp_intel: FAILED: UNABLE TO COMPLETE COMPARISON
-- LOG: /scratch1/BMC/gmtb/Grant.Firl/ufs-weather-model-grantfirl/tests/logs/log_hera/run_rap_sfcdiff_decomp_intel.log
* TEST rap_sfcdiff_restart_intel: FAILED: UNABLE TO START TEST
-- LOG: N/A
* TEST hrrr_control_intel: FAILED: UNABLE TO COMPLETE COMPARISON
-- LOG: /scratch1/BMC/gmtb/Grant.Firl/ufs-weather-model-grantfirl/tests/logs/log_hera/run_hrrr_control_intel.log
* TEST hrrr_control_decomp_intel: FAILED: UNABLE TO COMPLETE COMPARISON
-- LOG: /scratch1/BMC/gmtb/Grant.Firl/ufs-weather-model-grantfirl/tests/logs/log_hera/run_hrrr_control_decomp_intel.log
* TEST hrrr_control_2threads_intel: FAILED: UNABLE TO COMPLETE COMPARISON
-- LOG: /scratch1/BMC/gmtb/Grant.Firl/ufs-weather-model-grantfirl/tests/logs/log_hera/run_hrrr_control_2threads_intel.log
* TEST hrrr_control_restart_intel: FAILED: UNABLE TO START TEST
-- LOG: N/A
* TEST rrfs_v1beta_intel: FAILED: UNABLE TO COMPLETE COMPARISON
-- LOG: /scratch1/BMC/gmtb/Grant.Firl/ufs-weather-model-grantfirl/tests/logs/log_hera/run_rrfs_v1beta_intel.log
* TEST rrfs_v1nssl_intel: FAILED: UNABLE TO COMPLETE COMPARISON
-- LOG: /scratch1/BMC/gmtb/Grant.Firl/ufs-weather-model-grantfirl/tests/logs/log_hera/run_rrfs_v1nssl_intel.log
* TEST rrfs_v1nssl_nohailnoccn_intel: FAILED: UNABLE TO COMPLETE COMPARISON
-- LOG: /scratch1/BMC/gmtb/Grant.Firl/ufs-weather-model-grantfirl/tests/logs/log_hera/run_rrfs_v1nssl_nohailnoccn_intel.log
* TEST regional_control_faster_intel: FAILED: UNABLE TO COMPLETE COMPARISON
-- LOG: /scratch1/BMC/gmtb/Grant.Firl/ufs-weather-model-grantfirl/tests/logs/log_hera/run_regional_control_faster_intel.log
* TEST regional_debug_intel: FAILED: UNABLE TO COMPLETE COMPARISON
-- LOG: /scratch1/BMC/gmtb/Grant.Firl/ufs-weather-model-grantfirl/tests/logs/log_hera/run_regional_debug_intel.log
* TEST rap_control_debug_intel: FAILED: UNABLE TO COMPLETE COMPARISON
-- LOG: /scratch1/BMC/gmtb/Grant.Firl/ufs-weather-model-grantfirl/tests/logs/log_hera/run_rap_control_debug_intel.log
* TEST hrrr_control_debug_intel: FAILED: UNABLE TO COMPLETE COMPARISON
-- LOG: /scratch1/BMC/gmtb/Grant.Firl/ufs-weather-model-grantfirl/tests/logs/log_hera/run_hrrr_control_debug_intel.log
* TEST hrrr_gf_debug_intel: FAILED: UNABLE TO COMPLETE COMPARISON
-- LOG: /scratch1/BMC/gmtb/Grant.Firl/ufs-weather-model-grantfirl/tests/logs/log_hera/run_hrrr_gf_debug_intel.log
* TEST hrrr_c3_debug_intel: FAILED: UNABLE TO COMPLETE COMPARISON
-- LOG: /scratch1/BMC/gmtb/Grant.Firl/ufs-weather-model-grantfirl/tests/logs/log_hera/run_hrrr_c3_debug_intel.log
* TEST rap_unified_drag_suite_debug_intel: FAILED: UNABLE TO COMPLETE COMPARISON
-- LOG: /scratch1/BMC/gmtb/Grant.Firl/ufs-weather-model-grantfirl/tests/logs/log_hera/run_rap_unified_drag_suite_debug_intel.log
* TEST rap_diag_debug_intel: FAILED: UNABLE TO COMPLETE COMPARISON
-- LOG: /scratch1/BMC/gmtb/Grant.Firl/ufs-weather-model-grantfirl/tests/logs/log_hera/run_rap_diag_debug_intel.log
* TEST rap_cires_ugwp_debug_intel: FAILED: UNABLE TO COMPLETE COMPARISON
-- LOG: /scratch1/BMC/gmtb/Grant.Firl/ufs-weather-model-grantfirl/tests/logs/log_hera/run_rap_cires_ugwp_debug_intel.log
* TEST rap_unified_ugwp_debug_intel: FAILED: UNABLE TO COMPLETE COMPARISON
-- LOG: /scratch1/BMC/gmtb/Grant.Firl/ufs-weather-model-grantfirl/tests/logs/log_hera/run_rap_unified_ugwp_debug_intel.log
* TEST rap_lndp_debug_intel: FAILED: UNABLE TO COMPLETE COMPARISON
-- LOG: /scratch1/BMC/gmtb/Grant.Firl/ufs-weather-model-grantfirl/tests/logs/log_hera/run_rap_lndp_debug_intel.log
* TEST rap_progcld_thompson_debug_intel: FAILED: UNABLE TO COMPLETE COMPARISON
-- LOG: /scratch1/BMC/gmtb/Grant.Firl/ufs-weather-model-grantfirl/tests/logs/log_hera/run_rap_progcld_thompson_debug_intel.log
* TEST rap_noah_debug_intel: FAILED: UNABLE TO COMPLETE COMPARISON
-- LOG: /scratch1/BMC/gmtb/Grant.Firl/ufs-weather-model-grantfirl/tests/logs/log_hera/run_rap_noah_debug_intel.log
* TEST rap_sfcdiff_debug_intel: FAILED: UNABLE TO COMPLETE COMPARISON
-- LOG: /scratch1/BMC/gmtb/Grant.Firl/ufs-weather-model-grantfirl/tests/logs/log_hera/run_rap_sfcdiff_debug_intel.log
* TEST rap_noah_sfcdiff_cires_ugwp_debug_intel: FAILED: UNABLE TO COMPLETE COMPARISON
-- LOG: /scratch1/BMC/gmtb/Grant.Firl/ufs-weather-model-grantfirl/tests/logs/log_hera/run_rap_noah_sfcdiff_cires_ugwp_debug_intel.log
* TEST rrfs_v1beta_debug_intel: FAILED: UNABLE TO COMPLETE COMPARISON
-- LOG: /scratch1/BMC/gmtb/Grant.Firl/ufs-weather-model-grantfirl/tests/logs/log_hera/run_rrfs_v1beta_debug_intel.log
* TEST rap_clm_lake_debug_intel: FAILED: UNABLE TO COMPLETE COMPARISON
-- LOG: /scratch1/BMC/gmtb/Grant.Firl/ufs-weather-model-grantfirl/tests/logs/log_hera/run_rap_clm_lake_debug_intel.log
* TEST rap_flake_debug_intel: FAILED: UNABLE TO COMPLETE COMPARISON
-- LOG: /scratch1/BMC/gmtb/Grant.Firl/ufs-weather-model-grantfirl/tests/logs/log_hera/run_rap_flake_debug_intel.log
* TEST gnv1_c96_no_nest_debug_intel: FAILED: UNABLE TO COMPLETE COMPARISON
-- LOG: /scratch1/BMC/gmtb/Grant.Firl/ufs-weather-model-grantfirl/tests/logs/log_hera/run_gnv1_c96_no_nest_debug_intel.log
* TEST regional_spp_sppt_shum_skeb_dyn32_phy32_intel: FAILED: UNABLE TO COMPLETE COMPARISON
-- LOG: /scratch1/BMC/gmtb/Grant.Firl/ufs-weather-model-grantfirl/tests/logs/log_hera/run_regional_spp_sppt_shum_skeb_dyn32_phy32_intel.log
* TEST rap_control_dyn32_phy32_intel: FAILED: UNABLE TO COMPLETE COMPARISON
-- LOG: /scratch1/BMC/gmtb/Grant.Firl/ufs-weather-model-grantfirl/tests/logs/log_hera/run_rap_control_dyn32_phy32_intel.log
* TEST hrrr_control_dyn32_phy32_intel: FAILED: UNABLE TO COMPLETE COMPARISON
-- LOG: /scratch1/BMC/gmtb/Grant.Firl/ufs-weather-model-grantfirl/tests/logs/log_hera/run_hrrr_control_dyn32_phy32_intel.log
* TEST rap_2threads_dyn32_phy32_intel: FAILED: UNABLE TO COMPLETE COMPARISON
-- LOG: /scratch1/BMC/gmtb/Grant.Firl/ufs-weather-model-grantfirl/tests/logs/log_hera/run_rap_2threads_dyn32_phy32_intel.log
* TEST hrrr_control_2threads_dyn32_phy32_intel: FAILED: UNABLE TO COMPLETE COMPARISON
-- LOG: /scratch1/BMC/gmtb/Grant.Firl/ufs-weather-model-grantfirl/tests/logs/log_hera/run_hrrr_control_2threads_dyn32_phy32_intel.log
* TEST hrrr_control_decomp_dyn32_phy32_intel: FAILED: UNABLE TO COMPLETE COMPARISON
-- LOG: /scratch1/BMC/gmtb/Grant.Firl/ufs-weather-model-grantfirl/tests/logs/log_hera/run_hrrr_control_decomp_dyn32_phy32_intel.log
* TEST rap_restart_dyn32_phy32_intel: FAILED: UNABLE TO START TEST
-- LOG: N/A
* TEST hrrr_control_restart_dyn32_phy32_intel: FAILED: UNABLE TO START TEST
-- LOG: N/A
* TEST conus13km_control_intel: FAILED: UNABLE TO COMPLETE COMPARISON
-- LOG: /scratch1/BMC/gmtb/Grant.Firl/ufs-weather-model-grantfirl/tests/logs/log_hera/run_conus13km_control_intel.log
* TEST conus13km_2threads_intel: FAILED: UNABLE TO START TEST
-- LOG: N/A
* TEST conus13km_restart_mismatch_intel: FAILED: UNABLE TO START TEST
-- LOG: N/A
* TEST rap_control_dyn64_phy32_intel: FAILED: UNABLE TO COMPLETE COMPARISON
-- LOG: /scratch1/BMC/gmtb/Grant.Firl/ufs-weather-model-grantfirl/tests/logs/log_hera/run_rap_control_dyn64_phy32_intel.log
* TEST rap_control_debug_dyn32_phy32_intel: FAILED: UNABLE TO COMPLETE COMPARISON
-- LOG: /scratch1/BMC/gmtb/Grant.Firl/ufs-weather-model-grantfirl/tests/logs/log_hera/run_rap_control_debug_dyn32_phy32_intel.log
* TEST hrrr_control_debug_dyn32_phy32_intel: FAILED: UNABLE TO COMPLETE COMPARISON
-- LOG: /scratch1/BMC/gmtb/Grant.Firl/ufs-weather-model-grantfirl/tests/logs/log_hera/run_hrrr_control_debug_dyn32_phy32_intel.log
* TEST conus13km_debug_intel: FAILED: UNABLE TO COMPLETE COMPARISON
-- LOG: /scratch1/BMC/gmtb/Grant.Firl/ufs-weather-model-grantfirl/tests/logs/log_hera/run_conus13km_debug_intel.log
* TEST conus13km_debug_qr_intel: FAILED: UNABLE TO COMPLETE COMPARISON
-- LOG: /scratch1/BMC/gmtb/Grant.Firl/ufs-weather-model-grantfirl/tests/logs/log_hera/run_conus13km_debug_qr_intel.log
* TEST conus13km_debug_2threads_intel: FAILED: UNABLE TO COMPLETE COMPARISON
-- LOG: /scratch1/BMC/gmtb/Grant.Firl/ufs-weather-model-grantfirl/tests/logs/log_hera/run_conus13km_debug_2threads_intel.log
* TEST conus13km_radar_tten_debug_intel: FAILED: UNABLE TO COMPLETE COMPARISON
-- LOG: /scratch1/BMC/gmtb/Grant.Firl/ufs-weather-model-grantfirl/tests/logs/log_hera/run_conus13km_radar_tten_debug_intel.log
* TEST rap_control_dyn64_phy32_debug_intel: FAILED: UNABLE TO COMPLETE COMPARISON
-- LOG: /scratch1/BMC/gmtb/Grant.Firl/ufs-weather-model-grantfirl/tests/logs/log_hera/run_rap_control_dyn64_phy32_debug_intel.log
* TEST gnv1_nested_intel: FAILED: UNABLE TO COMPLETE COMPARISON
-- LOG: /scratch1/BMC/gmtb/Grant.Firl/ufs-weather-model-grantfirl/tests/logs/log_hera/run_gnv1_nested_intel.log
* TEST rap_control_gnu: FAILED: UNABLE TO COMPLETE COMPARISON
-- LOG: /scratch1/BMC/gmtb/Grant.Firl/ufs-weather-model-grantfirl/tests/logs/log_hera/run_rap_control_gnu.log
* TEST rap_decomp_gnu: FAILED: UNABLE TO COMPLETE COMPARISON
-- LOG: /scratch1/BMC/gmtb/Grant.Firl/ufs-weather-model-grantfirl/tests/logs/log_hera/run_rap_decomp_gnu.log
* TEST rap_2threads_gnu: FAILED: UNABLE TO COMPLETE COMPARISON
-- LOG: /scratch1/BMC/gmtb/Grant.Firl/ufs-weather-model-grantfirl/tests/logs/log_hera/run_rap_2threads_gnu.log
* TEST rap_restart_gnu: FAILED: UNABLE TO START TEST
-- LOG: N/A
* TEST rap_sfcdiff_gnu: FAILED: UNABLE TO COMPLETE COMPARISON
-- LOG: /scratch1/BMC/gmtb/Grant.Firl/ufs-weather-model-grantfirl/tests/logs/log_hera/run_rap_sfcdiff_gnu.log
* TEST rap_sfcdiff_decomp_gnu: FAILED: UNABLE TO COMPLETE COMPARISON
-- LOG: /scratch1/BMC/gmtb/Grant.Firl/ufs-weather-model-grantfirl/tests/logs/log_hera/run_rap_sfcdiff_decomp_gnu.log
* TEST rap_sfcdiff_restart_gnu: FAILED: UNABLE TO START TEST
-- LOG: N/A
* TEST hrrr_control_gnu: FAILED: UNABLE TO COMPLETE COMPARISON
-- LOG: /scratch1/BMC/gmtb/Grant.Firl/ufs-weather-model-grantfirl/tests/logs/log_hera/run_hrrr_control_gnu.log
* TEST hrrr_control_noqr_gnu: FAILED: UNABLE TO COMPLETE COMPARISON
-- LOG: /scratch1/BMC/gmtb/Grant.Firl/ufs-weather-model-grantfirl/tests/logs/log_hera/run_hrrr_control_noqr_gnu.log
* TEST hrrr_control_2threads_gnu: FAILED: UNABLE TO COMPLETE COMPARISON
-- LOG: /scratch1/BMC/gmtb/Grant.Firl/ufs-weather-model-grantfirl/tests/logs/log_hera/run_hrrr_control_2threads_gnu.log
* TEST hrrr_control_decomp_gnu: FAILED: UNABLE TO COMPLETE COMPARISON
-- LOG: /scratch1/BMC/gmtb/Grant.Firl/ufs-weather-model-grantfirl/tests/logs/log_hera/run_hrrr_control_decomp_gnu.log
* TEST hrrr_control_restart_gnu: FAILED: UNABLE TO START TEST
-- LOG: N/A
* TEST hrrr_control_restart_noqr_gnu: FAILED: UNABLE TO START TEST
-- LOG: N/A
* TEST rrfs_v1beta_gnu: FAILED: UNABLE TO COMPLETE COMPARISON
-- LOG: /scratch1/BMC/gmtb/Grant.Firl/ufs-weather-model-grantfirl/tests/logs/log_hera/run_rrfs_v1beta_gnu.log
* TEST regional_debug_gnu: FAILED: UNABLE TO COMPLETE COMPARISON
-- LOG: /scratch1/BMC/gmtb/Grant.Firl/ufs-weather-model-grantfirl/tests/logs/log_hera/run_regional_debug_gnu.log
* TEST rap_control_debug_gnu: FAILED: UNABLE TO COMPLETE COMPARISON
-- LOG: /scratch1/BMC/gmtb/Grant.Firl/ufs-weather-model-grantfirl/tests/logs/log_hera/run_rap_control_debug_gnu.log
* TEST hrrr_control_debug_gnu: FAILED: UNABLE TO COMPLETE COMPARISON
-- LOG: /scratch1/BMC/gmtb/Grant.Firl/ufs-weather-model-grantfirl/tests/logs/log_hera/run_hrrr_control_debug_gnu.log
* TEST hrrr_gf_debug_gnu: FAILED: UNABLE TO COMPLETE COMPARISON
-- LOG: /scratch1/BMC/gmtb/Grant.Firl/ufs-weather-model-grantfirl/tests/logs/log_hera/run_hrrr_gf_debug_gnu.log
* TEST hrrr_c3_debug_gnu: FAILED: UNABLE TO COMPLETE COMPARISON
-- LOG: /scratch1/BMC/gmtb/Grant.Firl/ufs-weather-model-grantfirl/tests/logs/log_hera/run_hrrr_c3_debug_gnu.log
* TEST rap_diag_debug_gnu: FAILED: UNABLE TO COMPLETE COMPARISON
-- LOG: /scratch1/BMC/gmtb/Grant.Firl/ufs-weather-model-grantfirl/tests/logs/log_hera/run_rap_diag_debug_gnu.log
* TEST rap_noah_sfcdiff_cires_ugwp_debug_gnu: FAILED: UNABLE TO COMPLETE COMPARISON
-- LOG: /scratch1/BMC/gmtb/Grant.Firl/ufs-weather-model-grantfirl/tests/logs/log_hera/run_rap_noah_sfcdiff_cires_ugwp_debug_gnu.log
* TEST rap_progcld_thompson_debug_gnu: FAILED: UNABLE TO COMPLETE COMPARISON
-- LOG: /scratch1/BMC/gmtb/Grant.Firl/ufs-weather-model-grantfirl/tests/logs/log_hera/run_rap_progcld_thompson_debug_gnu.log
* TEST rrfs_v1beta_debug_gnu: FAILED: UNABLE TO COMPLETE COMPARISON
-- LOG: /scratch1/BMC/gmtb/Grant.Firl/ufs-weather-model-grantfirl/tests/logs/log_hera/run_rrfs_v1beta_debug_gnu.log
* TEST rap_flake_debug_gnu: FAILED: UNABLE TO COMPLETE COMPARISON
-- LOG: /scratch1/BMC/gmtb/Grant.Firl/ufs-weather-model-grantfirl/tests/logs/log_hera/run_rap_flake_debug_gnu.log
* TEST rap_clm_lake_debug_gnu: FAILED: UNABLE TO COMPLETE COMPARISON
-- LOG: /scratch1/BMC/gmtb/Grant.Firl/ufs-weather-model-grantfirl/tests/logs/log_hera/run_rap_clm_lake_debug_gnu.log
* TEST gnv1_c96_no_nest_debug_gnu: FAILED: UNABLE TO COMPLETE COMPARISON
-- LOG: /scratch1/BMC/gmtb/Grant.Firl/ufs-weather-model-grantfirl/tests/logs/log_hera/run_gnv1_c96_no_nest_debug_gnu.log
* TEST rap_control_dyn32_phy32_gnu: FAILED: UNABLE TO COMPLETE COMPARISON
-- LOG: /scratch1/BMC/gmtb/Grant.Firl/ufs-weather-model-grantfirl/tests/logs/log_hera/run_rap_control_dyn32_phy32_gnu.log
* TEST hrrr_control_dyn32_phy32_gnu: FAILED: UNABLE TO COMPLETE COMPARISON
-- LOG: /scratch1/BMC/gmtb/Grant.Firl/ufs-weather-model-grantfirl/tests/logs/log_hera/run_hrrr_control_dyn32_phy32_gnu.log
* TEST rap_2threads_dyn32_phy32_gnu: FAILED: UNABLE TO COMPLETE COMPARISON
-- LOG: /scratch1/BMC/gmtb/Grant.Firl/ufs-weather-model-grantfirl/tests/logs/log_hera/run_rap_2threads_dyn32_phy32_gnu.log
* TEST hrrr_control_2threads_dyn32_phy32_gnu: FAILED: UNABLE TO COMPLETE COMPARISON
-- LOG: /scratch1/BMC/gmtb/Grant.Firl/ufs-weather-model-grantfirl/tests/logs/log_hera/run_hrrr_control_2threads_dyn32_phy32_gnu.log
* TEST hrrr_control_decomp_dyn32_phy32_gnu: FAILED: UNABLE TO COMPLETE COMPARISON
-- LOG: /scratch1/BMC/gmtb/Grant.Firl/ufs-weather-model-grantfirl/tests/logs/log_hera/run_hrrr_control_decomp_dyn32_phy32_gnu.log
* TEST rap_restart_dyn32_phy32_gnu: FAILED: UNABLE TO START TEST
-- LOG: N/A
* TEST hrrr_control_restart_dyn32_phy32_gnu: FAILED: UNABLE TO START TEST
-- LOG: N/A
* TEST conus13km_control_gnu: FAILED: UNABLE TO COMPLETE COMPARISON
-- LOG: /scratch1/BMC/gmtb/Grant.Firl/ufs-weather-model-grantfirl/tests/logs/log_hera/run_conus13km_control_gnu.log
* TEST conus13km_2threads_gnu: FAILED: UNABLE TO START TEST
-- LOG: N/A
* TEST conus13km_restart_mismatch_gnu: FAILED: UNABLE TO START TEST
-- LOG: N/A
* TEST rap_control_dyn64_phy32_gnu: FAILED: UNABLE TO COMPLETE COMPARISON
-- LOG: /scratch1/BMC/gmtb/Grant.Firl/ufs-weather-model-grantfirl/tests/logs/log_hera/run_rap_control_dyn64_phy32_gnu.log
* TEST rap_control_debug_dyn32_phy32_gnu: FAILED: UNABLE TO COMPLETE COMPARISON
-- LOG: /scratch1/BMC/gmtb/Grant.Firl/ufs-weather-model-grantfirl/tests/logs/log_hera/run_rap_control_debug_dyn32_phy32_gnu.log
* TEST hrrr_control_debug_dyn32_phy32_gnu: FAILED: UNABLE TO COMPLETE COMPARISON
-- LOG: /scratch1/BMC/gmtb/Grant.Firl/ufs-weather-model-grantfirl/tests/logs/log_hera/run_hrrr_control_debug_dyn32_phy32_gnu.log
* TEST conus13km_debug_gnu: FAILED: UNABLE TO COMPLETE COMPARISON
-- LOG: /scratch1/BMC/gmtb/Grant.Firl/ufs-weather-model-grantfirl/tests/logs/log_hera/run_conus13km_debug_gnu.log
* TEST conus13km_debug_qr_gnu: FAILED: UNABLE TO COMPLETE COMPARISON
-- LOG: /scratch1/BMC/gmtb/Grant.Firl/ufs-weather-model-grantfirl/tests/logs/log_hera/run_conus13km_debug_qr_gnu.log
* TEST conus13km_debug_2threads_gnu: FAILED: UNABLE TO COMPLETE COMPARISON
-- LOG: /scratch1/BMC/gmtb/Grant.Firl/ufs-weather-model-grantfirl/tests/logs/log_hera/run_conus13km_debug_2threads_gnu.log
* TEST conus13km_radar_tten_debug_gnu: FAILED: UNABLE TO COMPLETE COMPARISON
-- LOG: /scratch1/BMC/gmtb/Grant.Firl/ufs-weather-model-grantfirl/tests/logs/log_hera/run_conus13km_radar_tten_debug_gnu.log
* TEST rap_control_dyn64_phy32_debug_gnu: FAILED: UNABLE TO COMPLETE COMPARISON
-- LOG: /scratch1/BMC/gmtb/Grant.Firl/ufs-weather-model-grantfirl/tests/logs/log_hera/run_rap_control_dyn64_phy32_debug_gnu.log
* TEST cpld_regional_atm_fbh_intel: FAILED: UNABLE TO COMPLETE COMPARISON
-- LOG: /scratch1/BMC/gmtb/Grant.Firl/ufs-weather-model-grantfirl/tests/logs/log_hera/run_cpld_regional_atm_fbh_intel.log

NOTES:
A file 'test_changes.list' was generated with list of all failed tests.
You can use './rt.sh -c -b test_changes.list' to create baselines for the failed tests.
If you are using this log as a pull request verification, please commit 'test_changes.list'.

Result: FAILURE

====END OF HERA REGRESSION TESTING LOG====
